<?xml version="1.0" encoding="UTF-8"?>
<!-- Generated by org.testng.reporters.JUnitXMLReporter -->
<testsuite ignored="0" hostname="aishwarya" failures="0" tests="5" name="Default test" time="80.203" errors="0" timestamp="07 Sep 2021 21:20:49 GMT">
  <testcase classname="seleniumpack.flipcart" name="testJbkTitle" time="19.084"/>
  <testcase classname="seleniumpack.flipcart" name="testJbkTitleInvalid" time="14.683"/>
  <testcase classname="seleniumpack.flipcart" name="testJbkTitlesubmit" time="17.422"/>
  <testcase classname="seleniumpack.flipcart" name="testJbkTitlecheck" time="4.33"/>
  <testcase classname="seleniumpack.flipcart" name="testJbkTitlescroll" time="6.073"/>
</testsuite> <!-- Default test -->
